C51 COMPILER V9.56.0.0   KEYPAD_INTERFACING                                                03/24/2018 23:38:45 PAGE 1   


C51 COMPILER V9.56.0.0, COMPILATION OF MODULE KEYPAD_INTERFACING
OBJECT MODULE PLACED IN .\Objects\keypad_interfacing.obj
COMPILER INVOKED BY: C:\Keil_v5\C51\BIN\C51.EXE keypad_interfacing.c OPTIMIZE(8,SPEED) BROWSE DEBUG OBJECTEXTEND PRINT(.
                    -\Listings\keypad_interfacing.lst) TABS(2) OBJECT(.\Objects\keypad_interfacing.obj)

line level    source

*** WARNING C500 IN LINE 1 OF keypad_interfacing.c: LICENSE ERROR (R208: RENEW LICENSE ID CODE (LIC))

   1          #include <reg51.h>
   2          #include "delay.h"
   3          #include "keypad4x4.h"
   4          #include "lcd8bit.h"
   5          
   6          
   7          void main()
   8          {
   9   1        unsigned char key;
  10   1        lcd_init();       // Initailzed LCD
  11   1        lcd_string("Zehn spinster");
  12   1        while(1)
  13   1        {
  14   2          key = keyscan();  // Keyscan function called and return key press number in charater form 
  15   2          lcd_cmd(0x01);    // clear display
  16   2          lcd_data(key);    // Display which key press 
  17   2        }
  18   1      }


MODULE INFORMATION:   STATIC OVERLAYABLE
   CODE SIZE        =    327    ----
   CONSTANT SIZE    =     30    ----
   XDATA SIZE       =   ----    ----
   PDATA SIZE       =   ----    ----
   DATA SIZE        =   ----       3
   IDATA SIZE       =   ----    ----
   BIT SIZE         =   ----    ----
END OF MODULE INFORMATION.


C51 COMPILATION COMPLETE.  1 WARNING(S),  0 ERROR(S)
